<?xml version="1.0" encoding="UTF-8"?>
<!-- Generated by org.testng.reporters.JUnitXMLReporter -->
<testsuite hostname="DESKTOP-GK3I1F8" ignored="0" name="Test" tests="24" failures="2" timestamp="22 Jul 2019 04:32:19 GMT" time="0.095" errors="0">
  <testcase name="test2" time="0.009" classname="ThirdRound.ThirdMaven.NewTest2"/>
  <testcase name="test3" time="0.002" classname="ThirdRound.ThirdMaven.NewTest2">
    <skipped/>
  </testcase> <!-- test3 -->
  <testcase name="test3" time="0.002" classname="ThirdRound.ThirdMaven.NewTest2">
    <skipped/>
  </testcase> <!-- test3 -->
  <testcase name="test3" time="0.001" classname="ThirdRound.ThirdMaven.NewTest2">
    <skipped/>
  </testcase> <!-- test3 -->
  <testcase name="test3" time="0.001" classname="ThirdRound.ThirdMaven.NewTest2">
    <skipped/>
  </testcase> <!-- test3 -->
  <testcase name="test3" time="0.001" classname="ThirdRound.ThirdMaven.NewTest2">
    <skipped/>
  </testcase> <!-- test3 -->
  <testcase name="test3" time="0.001" classname="ThirdRound.ThirdMaven.NewTest2">
    <skipped/>
  </testcase> <!-- test3 -->
  <testcase name="test3" time="0.001" classname="ThirdRound.ThirdMaven.NewTest2">
    <skipped/>
  </testcase> <!-- test3 -->
  <testcase name="test3" time="0.001" classname="ThirdRound.ThirdMaven.NewTest2">
    <skipped/>
  </testcase> <!-- test3 -->
  <testcase name="test3" time="0.001" classname="ThirdRound.ThirdMaven.NewTest2">
    <skipped/>
  </testcase> <!-- test3 -->
  <testcase name="test3" time="0.001" classname="ThirdRound.ThirdMaven.NewTest2">
    <skipped/>
  </testcase> <!-- test3 -->
  <testcase name="test3" time="0.001" classname="ThirdRound.ThirdMaven.NewTest2">
    <failure type="java.lang.AssertionError" message="expected [true] but found [false]">
      <![CDATA[java.lang.AssertionError: expected [true] but found [false]
at ThirdRound.ThirdMaven.NewTest2.test3(NewTest2.java:17)
... Removed 29 stack frames]]>
    </failure>
  </testcase> <!-- test3 -->
  <testcase name="test4" time="0.0" classname="ThirdRound.ThirdMaven.NewTest3"/>
  <testcase name="test5" time="0.0" classname="ThirdRound.ThirdMaven.NewTest3">
    <skipped/>
  </testcase> <!-- test5 -->
  <testcase name="test5" time="0.001" classname="ThirdRound.ThirdMaven.NewTest3">
    <skipped/>
  </testcase> <!-- test5 -->
  <testcase name="test5" time="0.001" classname="ThirdRound.ThirdMaven.NewTest3">
    <skipped/>
  </testcase> <!-- test5 -->
  <testcase name="test5" time="0.001" classname="ThirdRound.ThirdMaven.NewTest3">
    <skipped/>
  </testcase> <!-- test5 -->
  <testcase name="test5" time="0.001" classname="ThirdRound.ThirdMaven.NewTest3">
    <skipped/>
  </testcase> <!-- test5 -->
  <testcase name="test5" time="0.001" classname="ThirdRound.ThirdMaven.NewTest3">
    <skipped/>
  </testcase> <!-- test5 -->
  <testcase name="test5" time="0.002" classname="ThirdRound.ThirdMaven.NewTest3">
    <skipped/>
  </testcase> <!-- test5 -->
  <testcase name="test5" time="0.001" classname="ThirdRound.ThirdMaven.NewTest3">
    <skipped/>
  </testcase> <!-- test5 -->
  <testcase name="test5" time="0.001" classname="ThirdRound.ThirdMaven.NewTest3">
    <skipped/>
  </testcase> <!-- test5 -->
  <testcase name="test5" time="0.001" classname="ThirdRound.ThirdMaven.NewTest3">
    <skipped/>
  </testcase> <!-- test5 -->
  <testcase name="test5" time="0.001" classname="ThirdRound.ThirdMaven.NewTest3">
    <failure type="java.lang.AssertionError" message="expected [true] but found [false]">
      <![CDATA[java.lang.AssertionError: expected [true] but found [false]
at ThirdRound.ThirdMaven.NewTest3.test5(NewTest3.java:17)
... Removed 29 stack frames]]>
    </failure>
  </testcase> <!-- test5 -->
</testsuite> <!-- Test -->
